<?xml version="1.0" encoding="UTF-8"?>
<!-- Generated by org.testng.reporters.JUnitReportReporter -->
<testsuite hostname="DESKTOP-S2JVOCE" name="runner.TestRunner" tests="1" failures="0" timestamp="18 Mar 2020 07:05:22 GMT" time="0.545" errors="0">
  <testcase name="feature" time="0.545" classname="runner.TestRunner"/>
</testsuite> <!-- runner.TestRunner -->
